{"level":"error","message":"No file uploaded","service":"user-service","timestamp":"2024-06-09 18:23:55"}
{"level":"error","message":"No file uploaded","service":"user-service","timestamp":"2024-06-09 18:23:59"}
{"level":"error","message":"No file uploaded","service":"user-service","timestamp":"2024-06-09 18:24:26"}
{"level":"error","message":"No file uploaded","service":"user-service","timestamp":"2024-06-09 18:24:29"}
{"level":"error","message":"No file uploaded","service":"user-service","timestamp":"2024-06-09 18:25:40"}
{"level":"error","message":"No file uploaded","service":"user-service","timestamp":"2024-06-09 18:26:03"}
{"level":"error","message":"No file uploaded","service":"user-service","timestamp":"2024-06-09 18:26:37"}
{"level":"error","message":"No file uploaded","service":"user-service","timestamp":"2024-06-09 18:27:05"}
{"level":"error","message":"No file uploaded","service":"user-service","timestamp":"2024-06-09 18:28:47"}
{"level":"error","message":"No file uploaded","service":"user-service","timestamp":"2024-06-09 18:29:17"}
{"level":"error","message":"No file uploaded","service":"user-service","timestamp":"2024-06-09 18:30:47"}
{"level":"error","message":"MulterError: Unexpected field\n    at wrappedFileFilter (/Users/remon/Projetos/my-backend/node_modules/multer/index.js:40:19)\n    at Multipart.<anonymous> (/Users/remon/Projetos/my-backend/node_modules/multer/lib/make-middleware.js:107:7)\n    at Multipart.emit (node:events:520:28)\n    at Multipart.emit (node:domain:488:12)\n    at HeaderParser.cb (/Users/remon/Projetos/my-backend/node_modules/busboy/lib/types/multipart.js:358:14)\n    at HeaderParser.push (/Users/remon/Projetos/my-backend/node_modules/busboy/lib/types/multipart.js:162:20)\n    at SBMH.ssCb [as _cb] (/Users/remon/Projetos/my-backend/node_modules/busboy/lib/types/multipart.js:394:37)\n    at feed (/Users/remon/Projetos/my-backend/node_modules/streamsearch/lib/sbmh.js:248:10)\n    at SBMH.push (/Users/remon/Projetos/my-backend/node_modules/streamsearch/lib/sbmh.js:104:16)\n    at Multipart._write (/Users/remon/Projetos/my-backend/node_modules/busboy/lib/types/multipart.js:567:19)","service":"user-service","timestamp":"2024-06-09 18:36:35"}
{"level":"error","message":"MulterError: Unexpected field\n    at wrappedFileFilter (/Users/remon/Projetos/my-backend/node_modules/multer/index.js:40:19)\n    at Multipart.<anonymous> (/Users/remon/Projetos/my-backend/node_modules/multer/lib/make-middleware.js:107:7)\n    at Multipart.emit (node:events:520:28)\n    at Multipart.emit (node:domain:488:12)\n    at HeaderParser.cb (/Users/remon/Projetos/my-backend/node_modules/busboy/lib/types/multipart.js:358:14)\n    at HeaderParser.push (/Users/remon/Projetos/my-backend/node_modules/busboy/lib/types/multipart.js:162:20)\n    at SBMH.ssCb [as _cb] (/Users/remon/Projetos/my-backend/node_modules/busboy/lib/types/multipart.js:394:37)\n    at feed (/Users/remon/Projetos/my-backend/node_modules/streamsearch/lib/sbmh.js:248:10)\n    at SBMH.push (/Users/remon/Projetos/my-backend/node_modules/streamsearch/lib/sbmh.js:104:16)\n    at Multipart._write (/Users/remon/Projetos/my-backend/node_modules/busboy/lib/types/multipart.js:567:19)","service":"user-service","timestamp":"2024-06-09 18:37:42"}
{"level":"error","message":"MulterError: Unexpected field\n    at wrappedFileFilter (/Users/remon/Projetos/my-backend/node_modules/multer/index.js:40:19)\n    at Multipart.<anonymous> (/Users/remon/Projetos/my-backend/node_modules/multer/lib/make-middleware.js:107:7)\n    at Multipart.emit (node:events:520:28)\n    at Multipart.emit (node:domain:488:12)\n    at HeaderParser.cb (/Users/remon/Projetos/my-backend/node_modules/busboy/lib/types/multipart.js:358:14)\n    at HeaderParser.push (/Users/remon/Projetos/my-backend/node_modules/busboy/lib/types/multipart.js:162:20)\n    at SBMH.ssCb [as _cb] (/Users/remon/Projetos/my-backend/node_modules/busboy/lib/types/multipart.js:394:37)\n    at feed (/Users/remon/Projetos/my-backend/node_modules/streamsearch/lib/sbmh.js:248:10)\n    at SBMH.push (/Users/remon/Projetos/my-backend/node_modules/streamsearch/lib/sbmh.js:104:16)\n    at Multipart._write (/Users/remon/Projetos/my-backend/node_modules/busboy/lib/types/multipart.js:567:19)","service":"user-service","timestamp":"2024-06-09 18:37:59"}
{"level":"error","message":"MulterError: Unexpected field\n    at wrappedFileFilter (/Users/remon/Projetos/my-backend/node_modules/multer/index.js:40:19)\n    at Multipart.<anonymous> (/Users/remon/Projetos/my-backend/node_modules/multer/lib/make-middleware.js:107:7)\n    at Multipart.emit (node:events:520:28)\n    at Multipart.emit (node:domain:488:12)\n    at HeaderParser.cb (/Users/remon/Projetos/my-backend/node_modules/busboy/lib/types/multipart.js:358:14)\n    at HeaderParser.push (/Users/remon/Projetos/my-backend/node_modules/busboy/lib/types/multipart.js:162:20)\n    at SBMH.ssCb [as _cb] (/Users/remon/Projetos/my-backend/node_modules/busboy/lib/types/multipart.js:394:37)\n    at feed (/Users/remon/Projetos/my-backend/node_modules/streamsearch/lib/sbmh.js:248:10)\n    at SBMH.push (/Users/remon/Projetos/my-backend/node_modules/streamsearch/lib/sbmh.js:104:16)\n    at Multipart._write (/Users/remon/Projetos/my-backend/node_modules/busboy/lib/types/multipart.js:567:19)","service":"user-service","timestamp":"2024-06-09 18:39:17"}
{"level":"error","message":"MulterError: Unexpected field\n    at wrappedFileFilter (/Users/remon/Projetos/my-backend/node_modules/multer/index.js:40:19)\n    at Multipart.<anonymous> (/Users/remon/Projetos/my-backend/node_modules/multer/lib/make-middleware.js:107:7)\n    at Multipart.emit (node:events:520:28)\n    at Multipart.emit (node:domain:488:12)\n    at HeaderParser.cb (/Users/remon/Projetos/my-backend/node_modules/busboy/lib/types/multipart.js:358:14)\n    at HeaderParser.push (/Users/remon/Projetos/my-backend/node_modules/busboy/lib/types/multipart.js:162:20)\n    at SBMH.ssCb [as _cb] (/Users/remon/Projetos/my-backend/node_modules/busboy/lib/types/multipart.js:394:37)\n    at feed (/Users/remon/Projetos/my-backend/node_modules/streamsearch/lib/sbmh.js:248:10)\n    at SBMH.push (/Users/remon/Projetos/my-backend/node_modules/streamsearch/lib/sbmh.js:104:16)\n    at Multipart._write (/Users/remon/Projetos/my-backend/node_modules/busboy/lib/types/multipart.js:567:19)","service":"user-service","timestamp":"2024-06-09 18:40:41"}
{"level":"error","message":"MulterError: Unexpected field\n    at wrappedFileFilter (/Users/remon/Projetos/my-backend/node_modules/multer/index.js:40:19)\n    at Multipart.<anonymous> (/Users/remon/Projetos/my-backend/node_modules/multer/lib/make-middleware.js:107:7)\n    at Multipart.emit (node:events:520:28)\n    at Multipart.emit (node:domain:488:12)\n    at HeaderParser.cb (/Users/remon/Projetos/my-backend/node_modules/busboy/lib/types/multipart.js:358:14)\n    at HeaderParser.push (/Users/remon/Projetos/my-backend/node_modules/busboy/lib/types/multipart.js:162:20)\n    at SBMH.ssCb [as _cb] (/Users/remon/Projetos/my-backend/node_modules/busboy/lib/types/multipart.js:394:37)\n    at feed (/Users/remon/Projetos/my-backend/node_modules/streamsearch/lib/sbmh.js:248:10)\n    at SBMH.push (/Users/remon/Projetos/my-backend/node_modules/streamsearch/lib/sbmh.js:104:16)\n    at Multipart._write (/Users/remon/Projetos/my-backend/node_modules/busboy/lib/types/multipart.js:567:19)","service":"user-service","timestamp":"2024-06-09 18:55:01"}
{"level":"error","message":"MulterError: Unexpected field\n    at wrappedFileFilter (/Users/remon/Projetos/my-backend/node_modules/multer/index.js:40:19)\n    at Multipart.<anonymous> (/Users/remon/Projetos/my-backend/node_modules/multer/lib/make-middleware.js:107:7)\n    at Multipart.emit (node:events:520:28)\n    at Multipart.emit (node:domain:488:12)\n    at HeaderParser.cb (/Users/remon/Projetos/my-backend/node_modules/busboy/lib/types/multipart.js:358:14)\n    at HeaderParser.push (/Users/remon/Projetos/my-backend/node_modules/busboy/lib/types/multipart.js:162:20)\n    at SBMH.ssCb [as _cb] (/Users/remon/Projetos/my-backend/node_modules/busboy/lib/types/multipart.js:394:37)\n    at feed (/Users/remon/Projetos/my-backend/node_modules/streamsearch/lib/sbmh.js:248:10)\n    at SBMH.push (/Users/remon/Projetos/my-backend/node_modules/streamsearch/lib/sbmh.js:104:16)\n    at Multipart._write (/Users/remon/Projetos/my-backend/node_modules/busboy/lib/types/multipart.js:567:19)","service":"user-service","timestamp":"2024-06-09 18:56:49"}
{"level":"error","message":"Too many files uploaded","service":"user-service","timestamp":"2024-06-09 18:59:20"}
{"level":"error","message":"Too many files uploaded","service":"user-service","timestamp":"2024-06-09 18:59:31"}
{"level":"error","message":"Too many files uploaded","service":"user-service","timestamp":"2024-06-09 20:13:11"}
{"level":"error","message":"Too many files uploaded","service":"user-service","timestamp":"2024-06-09 20:13:27"}
{"level":"error","message":"Too many files uploaded","service":"user-service","timestamp":"2024-06-09 20:18:27"}
{"level":"error","message":"Too many files uploaded","service":"user-service","timestamp":"2024-06-09 20:18:35"}
{"level":"error","message":"Too many files uploaded","service":"user-service","timestamp":"2024-06-09 20:22:01"}
{"level":"error","message":"Too many files uploaded","service":"user-service","timestamp":"2024-06-09 20:24:16"}
{"level":"error","message":"Too many files uploaded","service":"user-service","timestamp":"2024-06-09 20:25:01"}
{"level":"error","message":"Too many files uploaded","service":"user-service","timestamp":"2024-06-09 20:26:01"}
{"level":"error","message":"Too many files uploaded","service":"user-service","timestamp":"2024-06-09 20:39:26"}
{"level":"error","message":"Too many files uploaded","service":"user-service","timestamp":"2024-06-09 20:39:37"}
{"level":"error","message":"Too many files uploaded","service":"user-service","timestamp":"2024-06-09 20:40:22"}
{"level":"error","message":"Too many files uploaded","service":"user-service","timestamp":"2024-06-09 20:43:16"}
{"level":"error","message":"Too many files uploaded","service":"user-service","timestamp":"2024-06-09 20:47:26"}
{"level":"error","message":"Too many files uploaded","service":"user-service","timestamp":"2024-06-09 21:38:06"}
{"level":"error","message":"Too many files uploaded","service":"user-service","timestamp":"2024-06-09 21:48:45"}
{"level":"error","message":"Too many files uploaded","service":"user-service","timestamp":"2024-06-09 21:50:19"}
{"level":"error","message":"Too many files uploaded","service":"user-service","timestamp":"2024-06-09 21:54:22"}
{"level":"error","message":"Too many files uploaded","service":"user-service","timestamp":"2024-06-09 22:00:07"}
{"level":"error","message":"Too many files uploaded","service":"user-service","timestamp":"2024-06-09 22:00:14"}
{"level":"error","message":"Too many files uploaded","service":"user-service","timestamp":"2024-06-09 22:00:23"}
{"level":"error","message":"Too many files uploaded","service":"user-service","timestamp":"2024-06-09 22:00:38"}
{"level":"error","message":"Too many files uploaded","service":"user-service","timestamp":"2024-06-09 22:04:10"}
{"level":"error","message":"Too many files uploaded","service":"user-service","timestamp":"2024-06-09 22:17:20"}
{"level":"error","message":"Too many files uploaded","service":"user-service","timestamp":"2024-06-09 22:21:27"}
{"level":"error","message":"Too many files uploaded","service":"user-service","timestamp":"2024-06-09 22:22:14"}
{"level":"error","message":"Too many files uploaded","service":"user-service","timestamp":"2024-06-09 22:22:21"}
{"level":"error","message":"Too many files uploaded","service":"user-service","timestamp":"2024-06-09 22:22:23"}
{"level":"error","message":"Too many files uploaded","service":"user-service","timestamp":"2024-06-09 22:22:34"}
{"level":"error","message":"Too many files uploaded","service":"user-service","timestamp":"2024-06-09 22:22:51"}
{"level":"error","message":"Too many files uploaded","service":"user-service","timestamp":"2024-06-09 22:23:34"}
{"level":"error","message":"No files uploaded","service":"user-service","timestamp":"2024-06-14 22:36:35"}
{"level":"error","message":"No files uploaded","service":"user-service","timestamp":"2024-06-14 22:36:40"}
{"level":"error","message":"File upload attempt with invalid type: text/plain","service":"user-service","timestamp":"2024-06-14 22:37:38"}
{"level":"error","message":"Invalid file type","service":"user-service","timestamp":"2024-06-14 22:37:38"}
